#
# There is insufficient memory for the Java Runtime Environment to continue.
# Native memory allocation (malloc) failed to allocate 1351856 bytes for Chunk::new
# Possible reasons:
#   The system is out of physical RAM or swap space
#   In 32 bit mode, the process size limit was hit
# Possible solutions:
#   Reduce memory load on the system
#   Increase physical memory or swap space
#   Check if swap backing store is full
#   Use 64 bit Java on a 64 bit OS
#   Decrease Java heap size (-Xmx/-Xms)
#   Decrease number of Java threads
#   Decrease Java thread stack sizes (-Xss)
#   Set larger code cache with -XX:ReservedCodeCacheSize=
# This output file may be truncated or incomplete.
#
#  Out of Memory Error (allocation.cpp:390), pid=16328, tid=0x00000000000035b8
#
# JRE version: OpenJDK Runtime Environment (8.0_152-b01) (build 1.8.0_152-release-1248-b01)
# Java VM: OpenJDK 64-Bit Server VM (25.152-b01 mixed mode windows-amd64 compressed oops)
# Failed to write core dump. Minidumps are not enabled by default on client versions of Windows
#

---------------  T H R E A D  ---------------

Current thread (0x0000000018a47000):  JavaThread "C2 CompilerThread1" daemon [_thread_in_native, id=13752, stack(0x000000001a040000,0x000000001a140000)]

Stack: [0x000000001a040000,0x000000001a140000]
[error occurred during error reporting (printing stack bounds), id 0xc0000005]

Native frames: (J=compiled Java code, j=interpreted, Vv=VM code, C=native code)


Current CompileTask:
C2:   3411 1351       4       java.net.URLClassLoader$1::run (5 bytes)


---------------  P R O C E S S  ---------------

Java Threads: ( => current thread )
  0x000000001d0b4800 JavaThread "Cache worker for file hash cache (C:\MyApps\NaverAPI-master\MyMovie1\.gradle\4.10.1\fileHashes)" [_thread_blocked, id=22388, stack(0x000000001e020000,0x000000001e120000)]
  0x000000001b9f2800 JavaThread "File lock request listener" [_thread_in_native, id=16244, stack(0x000000001ddc0000,0x000000001dec0000)]
  0x000000001cf24800 JavaThread "Cache worker for file hash cache (C:\Users\LeeJH\.gradle\caches\4.10.1\fileHashes)" [_thread_blocked, id=19840, stack(0x000000001dcc0000,0x000000001ddc0000)]
  0x000000001b669000 JavaThread "Stdin handler" [_thread_blocked, id=2728, stack(0x000000001c9f0000,0x000000001caf0000)]
  0x000000001b62f800 JavaThread "Asynchronous log dispatcher for DefaultDaemonConnection: socket connection from /127.0.0.1:58304 to /127.0.0.1:58305" [_thread_blocked, id=10172, stack(0x000000001c8f0000,0x000000001c9f0000)]
  0x000000001b9f9800 JavaThread "Daemon worker" [_thread_in_vm, id=17776, stack(0x000000001c6f0000,0x000000001c7f0000)]
  0x000000001ba09000 JavaThread "Cancel handler" [_thread_blocked, id=21748, stack(0x000000001c5f0000,0x000000001c6f0000)]
  0x000000001b9e9000 JavaThread "Handler for socket connection from /127.0.0.1:58304 to /127.0.0.1:58305" [_thread_in_native, id=16280, stack(0x000000001c2f0000,0x000000001c3f0000)]
  0x000000001b9e4000 JavaThread "Daemon" [_thread_blocked, id=21508, stack(0x000000001c1f0000,0x000000001c2f0000)]
  0x000000001b61b800 JavaThread "Daemon periodic checks" [_thread_blocked, id=12928, stack(0x000000001c0f0000,0x000000001c1f0000)]
  0x000000001b62f000 JavaThread "Incoming local TCP Connector on port 58304" [_thread_in_native, id=13732, stack(0x000000001bf10000,0x000000001c010000)]
  0x0000000018add000 JavaThread "Service Thread" daemon [_thread_blocked, id=21832, stack(0x000000001a340000,0x000000001a440000)]
  0x0000000018a4d000 JavaThread "C1 CompilerThread3" daemon [_thread_blocked, id=16056, stack(0x000000001a240000,0x000000001a340000)]
  0x0000000018a4c800 JavaThread "C2 CompilerThread2" daemon [_thread_in_native, id=12240, stack(0x000000001a140000,0x000000001a240000)]
=>0x0000000018a47000 JavaThread "C2 CompilerThread1" daemon [_thread_in_native, id=13752, stack(0x000000001a040000,0x000000001a140000)]
  0x00000000189e9800 JavaThread "C2 CompilerThread0" daemon [_thread_in_native, id=1352, stack(0x0000000019f40000,0x000000001a040000)]
  0x0000000018a42800 JavaThread "Attach Listener" daemon [_thread_blocked, id=6788, stack(0x0000000019e40000,0x0000000019f40000)]
  0x0000000018a41000 JavaThread "Signal Dispatcher" daemon [_thread_blocked, id=6440, stack(0x0000000019d40000,0x0000000019e40000)]
  0x000000000333a000 JavaThread "Finalizer" daemon [_thread_blocked, id=12112, stack(0x0000000019c40000,0x0000000019d40000)]
  0x00000000172fc000 JavaThread "Reference Handler" daemon [_thread_blocked, id=22048, stack(0x0000000019b40000,0x0000000019c40000)]
  0x00000000014ee000 JavaThread "main" [_thread_blocked, id=22000, stack(0x0000000003140000,0x0000000003240000)]

Other Threads:
  0x00000000172f5800 VMThread [stack: 0x0000000019a40000,0x0000000019b40000] [id=10340]
  0x0000000018add800 WatcherThread [stack: 0x000000001a440000,0x000000001a540000] [id=22508]

VM state:not at safepoint (normal execution)

VM Mutex/Monitor currently owned by a thread: None

Heap:
 PSYoungGen      total 76288K, used 65653K [0x00000000e0000000, 0x00000000e5500000, 0x0000000100000000)
  eden space 65536K, 88% used [0x00000000e0000000,0x00000000e38ef4c8,0x00000000e4000000)
  from space 10752K, 68% used [0x00000000e4000000,0x00000000e472df90,0x00000000e4a80000)
  to   space 10752K, 0% used [0x00000000e4a80000,0x00000000e4a80000,0x00000000e5500000)
 ParOldGen       total 175104K, used 16K [0x00000000a0000000, 0x00000000aab00000, 0x00000000e0000000)
  object space 175104K, 0% used [0x00000000a0000000,0x00000000a0004000,0x00000000aab00000)
 Metaspace       used 15247K, capacity 15670K, committed 16000K, reserved 1062912K
  class space    used 2156K, capacity 2331K, committed 2432K, reserved 1048576K

Card table byte_map: [0x0000000012700000,0x0000000012a10000] byte_map_base: 0x0000000012200000

Marking Bits: (ParMarkBitMap*) 0x0000000076935aa0
 Begin Bits: [0x0000000013610000, 0x0000000014e10000)
 End Bits:   [0x0000000014e10000, 0x0000000016610000)

Polling page: 0x0000000000be0000

CodeCache: size=245760Kb used=5070Kb max_used=5070Kb free=240689Kb
 bounds [0x0000000003340000, 0x0000000003840000, 0x0000000012340000]
 total_blobs=1842 nmethods=1466 adapters=290
 compilation: enabled

Compilation events (10 events):
Event: 3.397 Thread 0x0000000018a4d000 nmethod 1424 0x000000000381d450 code [0x000000000381d5c0, 0x000000000381d888]
Event: 3.397 Thread 0x0000000018a4d000 1426       3       java.util.Collections$UnmodifiableRandomAccessList::<init> (6 bytes)
Event: 3.397 Thread 0x0000000018a4c800 nmethod 1421 0x0000000003820610 code [0x0000000003820740, 0x00000000038207b8]
Event: 3.397 Thread 0x0000000018a4d000 nmethod 1426 0x000000000381ff10 code [0x00000000038200a0, 0x0000000003820448]
Event: 3.397 Thread 0x0000000018a4d000 1430       3       com.google.common.base.Splitter$SplittingIterator::computeNext (279 bytes)
Event: 3.397 Thread 0x0000000018a4d000 nmethod 1430 0x000000000381e350 code [0x000000000381e600, 0x000000000381f8c8]
Event: 3.397 Thread 0x0000000018a4d000 1427       3       java.util.Collections$UnmodifiableList::<init> (11 bytes)
Event: 3.398 Thread 0x0000000018a4d000 nmethod 1427 0x000000000381dd10 code [0x000000000381de80, 0x000000000381e1c8]
Event: 3.398 Thread 0x0000000018a4c800 1435 %     4       sun.nio.cs.UTF_8$Decoder::decodeArrayLoop @ 73 (691 bytes)
Event: 3.398 Thread 0x0000000018a4d000 1429       3       com.google.common.base.Splitter$SplittingIterator::computeNext (5 bytes)

GC Heap History (2 events):
Event: 0.764 GC heap before
{Heap before GC invocations=1 (full 0):
 PSYoungGen      total 76288K, used 65536K [0x00000000e0000000, 0x00000000e5500000, 0x0000000100000000)
  eden space 65536K, 100% used [0x00000000e0000000,0x00000000e4000000,0x00000000e4000000)
  from space 10752K, 0% used [0x00000000e4a80000,0x00000000e4a80000,0x00000000e5500000)
  to   space 10752K, 0% used [0x00000000e4000000,0x00000000e4000000,0x00000000e4a80000)
 ParOldGen       total 175104K, used 0K [0x00000000a0000000, 0x00000000aab00000, 0x00000000e0000000)
  object space 175104K, 0% used [0x00000000a0000000,0x00000000a0000000,0x00000000aab00000)
 Metaspace       used 9132K, capacity 9416K, committed 9600K, reserved 1056768K
  class space    used 1212K, capacity 1328K, committed 1408K, reserved 1048576K
Event: 0.770 GC heap after
Heap after GC invocations=1 (full 0):
 PSYoungGen      total 76288K, used 7351K [0x00000000e0000000, 0x00000000e5500000, 0x0000000100000000)
  eden space 65536K, 0% used [0x00000000e0000000,0x00000000e0000000,0x00000000e4000000)
  from space 10752K, 68% used [0x00000000e4000000,0x00000000e472df90,0x00000000e4a80000)
  to   space 10752K, 0% used [0x00000000e4a80000,0x00000000e4a80000,0x00000000e5500000)
 ParOldGen       total 175104K, used 16K [0x00000000a0000000, 0x00000000aab00000, 0x00000000e0000000)
  object space 175104K, 0% used [0x00000000a0000000,0x00000000a0004000,0x00000000aab00000)
 Metaspace       used 9132K, capacity 9416K, committed 9600K, reserved 1056768K
  class space    used 1212K, capacity 1328K, committed 1408K, reserved 1048576K
}

Deoptimization events (10 events):
Event: 3.092 Thread 0x000000001b9e9000 Uncommon trap: reason=unstable_if action=reinterpret pc=0x00000000037485f0 method=java.util.concurrent.ConcurrentHashMap.putVal(Ljava/lang/Object;Ljava/lang/Object;Z)Ljava/lang/Object; @ 206
Event: 3.123 Thread 0x000000001b9f9800 Uncommon trap: reason=bimorphic action=maybe_recompile pc=0x00000000035c4a44 method=java.util.HashMap.putVal(ILjava/lang/Object;Ljava/lang/Object;ZZ)Ljava/lang/Object; @ 253
Event: 3.124 Thread 0x000000001b9f9800 Uncommon trap: reason=bimorphic action=maybe_recompile pc=0x00000000035c4a44 method=java.util.HashMap.putVal(ILjava/lang/Object;Ljava/lang/Object;ZZ)Ljava/lang/Object; @ 253
Event: 3.124 Thread 0x000000001b9f9800 Uncommon trap: reason=bimorphic action=maybe_recompile pc=0x00000000035c4a44 method=java.util.HashMap.putVal(ILjava/lang/Object;Ljava/lang/Object;ZZ)Ljava/lang/Object; @ 253
Event: 3.124 Thread 0x000000001b9f9800 Uncommon trap: reason=bimorphic action=maybe_recompile pc=0x00000000035bfd24 method=java.util.HashMap.putVal(ILjava/lang/Object;Ljava/lang/Object;ZZ)Ljava/lang/Object; @ 253
Event: 3.267 Thread 0x000000001b9f9800 Uncommon trap: reason=class_check action=maybe_recompile pc=0x00000000035f5e84 method=java.util.regex.Matcher.match(II)Z @ 86
Event: 3.275 Thread 0x000000001b9f9800 Uncommon trap: reason=class_check action=maybe_recompile pc=0x00000000035f5e84 method=java.util.regex.Matcher.match(II)Z @ 86
Event: 3.275 Thread 0x000000001b9f9800 Uncommon trap: reason=class_check action=maybe_recompile pc=0x00000000035f5e84 method=java.util.regex.Matcher.match(II)Z @ 86
Event: 3.275 Thread 0x000000001b9f9800 Uncommon trap: reason=class_check action=maybe_recompile pc=0x00000000035b63dc method=java.util.regex.Matcher.match(II)Z @ 86
Event: 3.370 Thread 0x000000001b9f9800 Uncommon trap: reason=unstable_if action=reinterpret pc=0x000000000378deb4 method=java.lang.String.lastIndexOf([CII[CIII)I @ 66

Classes redefined (0 events):
No events

Internal exceptions (10 events):
Event: 3.094 Thread 0x000000001b9e9000 Exception <a 'java/lang/NoSuchMethodError': <clinit>> (0x00000000e0b0b1c0) thrown at [D:\src\AOSP-openjdk-cygwin\jdk8u\hotspot\src\share\vm\prims\jni.cpp, line 1613]
Event: 3.094 Thread 0x000000001b9e9000 Exception <a 'java/lang/NoSuchMethodError': <clinit>> (0x00000000e0b147a0) thrown at [D:\src\AOSP-openjdk-cygwin\jdk8u\hotspot\src\share\vm\prims\jni.cpp, line 1613]
Event: 3.096 Thread 0x000000001b9e9000 Exception <a 'java/lang/NoSuchMethodError': <clinit>> (0x00000000e0b3b668) thrown at [D:\src\AOSP-openjdk-cygwin\jdk8u\hotspot\src\share\vm\prims\jni.cpp, line 1613]
Event: 3.097 Thread 0x000000001b9e9000 Exception <a 'java/lang/NoSuchMethodError': <clinit>> (0x00000000e0b53438) thrown at [D:\src\AOSP-openjdk-cygwin\jdk8u\hotspot\src\share\vm\prims\jni.cpp, line 1613]
Event: 3.097 Thread 0x000000001b9e9000 Exception <a 'java/lang/NoSuchMethodError': <clinit>> (0x00000000e0b5bf00) thrown at [D:\src\AOSP-openjdk-cygwin\jdk8u\hotspot\src\share\vm\prims\jni.cpp, line 1613]
Event: 3.098 Thread 0x000000001b9e9000 Exception <a 'java/lang/NoSuchMethodError': <clinit>> (0x00000000e0b71e28) thrown at [D:\src\AOSP-openjdk-cygwin\jdk8u\hotspot\src\share\vm\prims\jni.cpp, line 1613]
Event: 3.102 Thread 0x000000001b9e9000 Exception <a 'java/lang/NoSuchMethodError': <clinit>> (0x00000000e0bcfc40) thrown at [D:\src\AOSP-openjdk-cygwin\jdk8u\hotspot\src\share\vm\prims\jni.cpp, line 1613]
Event: 3.104 Thread 0x000000001b9e9000 Exception <a 'java/lang/NoSuchMethodError': <clinit>> (0x00000000e0bfb8c0) thrown at [D:\src\AOSP-openjdk-cygwin\jdk8u\hotspot\src\share\vm\prims\jni.cpp, line 1613]
Event: 3.106 Thread 0x000000001b9e9000 Exception <a 'java/lang/NoSuchMethodError': <clinit>> (0x00000000e0c2a6a0) thrown at [D:\src\AOSP-openjdk-cygwin\jdk8u\hotspot\src\share\vm\prims\jni.cpp, line 1613]
Event: 3.107 Thread 0x000000001b9e9000 Exception <a 'java/lang/NoSuchMethodError': <clinit>> (0x00000000e0c35a40) thrown at [D:\src\AOSP-openjdk-cygwin\jdk8u\hotspot\src\share\vm\prims\jni.cpp, line 1613]

Events (10 events):
Event: 3.392 loading class com/google/common/base/Splitter$SplittingIterator
Event: 3.392 loading class com/google/common/base/Splitter$SplittingIterator done
Event: 3.392 loading class com/google/common/base/AbstractIterator
Event: 3.392 loading class com/google/common/base/AbstractIterator done
Event: 3.393 loading class com/google/common/base/Splitter$1$1
Event: 3.393 loading class com/google/common/base/Splitter$1$1 done
Event: 3.393 loading class com/google/common/base/AbstractIterator$State
Event: 3.393 loading class com/google/common/base/AbstractIterator$State done
Event: 3.393 loading class com/google/common/base/AbstractIterator$1
Event: 3.393 loading class com/google/common/base/AbstractIterator$1 done


Dynamic libraries:
0x00007ff657810000 - 0x00007ff657841000 	C:\Program Files\Android\Android Studio\jre\bin\java.exe
0x00007ffa90b80000 - 0x00007ffa90d6d000 	C:\WINDOWS\SYSTEM32\ntdll.dll
0x00007ffa90530000 - 0x00007ffa905e3000 	C:\WINDOWS\System32\KERNEL32.DLL
0x00007ffa8d570000 - 0x00007ffa8d803000 	C:\WINDOWS\System32\KERNELBASE.dll
0x00007ffa90130000 - 0x00007ffa901d3000 	C:\WINDOWS\System32\ADVAPI32.dll
0x00007ffa8dee0000 - 0x00007ffa8df7e000 	C:\WINDOWS\System32\msvcrt.dll
0x00007ffa8de40000 - 0x00007ffa8dede000 	C:\WINDOWS\System32\sechost.dll
0x00007ffa8e8c0000 - 0x00007ffa8e9e2000 	C:\WINDOWS\System32\RPCRT4.dll
0x00007ffa8e1f0000 - 0x00007ffa8e387000 	C:\WINDOWS\System32\USER32.dll
0x00007ffa8cd30000 - 0x00007ffa8cd50000 	C:\WINDOWS\System32\win32u.dll
0x00007ffa8e9f0000 - 0x00007ffa8ea19000 	C:\WINDOWS\System32\GDI32.dll
0x00007ffa8d810000 - 0x00007ffa8d9aa000 	C:\WINDOWS\System32\gdi32full.dll
0x00007ffa8cd80000 - 0x00007ffa8ce20000 	C:\WINDOWS\System32\msvcp_win.dll
0x00007ffa8db90000 - 0x00007ffa8dc8a000 	C:\WINDOWS\System32\ucrtbase.dll
0x00007ffa7fe80000 - 0x00007ffa800f9000 	C:\WINDOWS\WinSxS\amd64_microsoft.windows.common-controls_6595b64144ccf1df_6.0.17763.379_none_05b83be8071c94a1\COMCTL32.dll
0x00007ffa901f0000 - 0x00007ffa9051d000 	C:\WINDOWS\System32\combase.dll
0x00007ffa8cc50000 - 0x00007ffa8ccce000 	C:\WINDOWS\System32\bcryptPrimitives.dll
0x00007ffa8de10000 - 0x00007ffa8de3e000 	C:\WINDOWS\System32\IMM32.DLL
0x0000000077d50000 - 0x0000000077e22000 	C:\Program Files\Android\Android Studio\jre\jre\bin\msvcr100.dll
0x0000000076170000 - 0x00000000769b1000 	C:\Program Files\Android\Android Studio\jre\jre\bin\server\jvm.dll
0x00007ffa905f0000 - 0x00007ffa905f8000 	C:\WINDOWS\System32\PSAPI.DLL
0x00007ffa7f7e0000 - 0x00007ffa7f804000 	C:\WINDOWS\SYSTEM32\WINMM.dll
0x00007ffa87e00000 - 0x00007ffa87e0a000 	C:\WINDOWS\SYSTEM32\VERSION.dll
0x00007ffa87250000 - 0x00007ffa87259000 	C:\WINDOWS\SYSTEM32\WSOCK32.dll
0x00007ffa8ea20000 - 0x00007ffa8ea8d000 	C:\WINDOWS\System32\WS2_32.dll
0x00007ffa83d20000 - 0x00007ffa83d4d000 	C:\WINDOWS\SYSTEM32\winmmbase.dll
0x00007ffa8dc90000 - 0x00007ffa8dcda000 	C:\WINDOWS\System32\cfgmgr32.dll
0x00007ffa84b40000 - 0x00007ffa84b4f000 	C:\Program Files\Android\Android Studio\jre\jre\bin\verify.dll
0x00007ffa7ae90000 - 0x00007ffa7aeb9000 	C:\Program Files\Android\Android Studio\jre\jre\bin\java.dll
0x00007ffa7d630000 - 0x00007ffa7d646000 	C:\Program Files\Android\Android Studio\jre\jre\bin\zip.dll
0x00007ffa8ec40000 - 0x00007ffa90130000 	C:\WINDOWS\System32\SHELL32.dll
0x00007ffa8dfe0000 - 0x00007ffa8e088000 	C:\WINDOWS\System32\shcore.dll
0x00007ffa8ce20000 - 0x00007ffa8d56a000 	C:\WINDOWS\System32\windows.storage.dll
0x00007ffa8cc00000 - 0x00007ffa8cc24000 	C:\WINDOWS\System32\profapi.dll
0x00007ffa8cba0000 - 0x00007ffa8cbfd000 	C:\WINDOWS\System32\powrprof.dll
0x00007ffa8ddb0000 - 0x00007ffa8de02000 	C:\WINDOWS\System32\shlwapi.dll
0x00007ffa8cb80000 - 0x00007ffa8cb91000 	C:\WINDOWS\System32\kernel.appcore.dll
0x00007ffa8dd90000 - 0x00007ffa8dda7000 	C:\WINDOWS\System32\cryptsp.dll
0x00007ffa7c050000 - 0x00007ffa7c06a000 	C:\Program Files\Android\Android Studio\jre\jre\bin\net.dll
0x00007ffa8c400000 - 0x00007ffa8c467000 	C:\WINDOWS\system32\mswsock.dll
0x00007ffa7ae70000 - 0x00007ffa7ae81000 	C:\Program Files\Android\Android Studio\jre\jre\bin\nio.dll
0x00007ffa7cb90000 - 0x00007ffa7cbae000 	C:\Users\LeeJH\.gradle\native\25\windows-amd64\native-platform.dll
0x00007ffa7c4f0000 - 0x00007ffa7c4fd000 	C:\Program Files\Android\Android Studio\jre\jre\bin\management.dll
0x00007ffa8bf60000 - 0x00007ffa8bf93000 	C:\WINDOWS\system32\rsaenh.dll
0x00007ffa8cd50000 - 0x00007ffa8cd76000 	C:\WINDOWS\System32\bcrypt.dll
0x00007ffa8ca80000 - 0x00007ffa8caa8000 	C:\WINDOWS\SYSTEM32\USERENV.dll
0x00007ffa8c5d0000 - 0x00007ffa8c5dc000 	C:\WINDOWS\SYSTEM32\CRYPTBASE.dll
0x00007ffa8c160000 - 0x00007ffa8c19d000 	C:\WINDOWS\SYSTEM32\IPHLPAPI.DLL
0x00007ffa901e0000 - 0x00007ffa901e8000 	C:\WINDOWS\System32\NSI.dll
0x00007ffa87d40000 - 0x00007ffa87d56000 	C:\WINDOWS\SYSTEM32\dhcpcsvc6.DLL
0x00007ffa87f80000 - 0x00007ffa87f9c000 	C:\WINDOWS\SYSTEM32\dhcpcsvc.DLL
0x00007ffa8c1a0000 - 0x00007ffa8c266000 	C:\WINDOWS\SYSTEM32\DNSAPI.dll

VM Arguments:
jvm_args: -Xmx1536m -Dfile.encoding=x-windows-949 -Duser.country=KR -Duser.language=ko -Duser.variant 
java_command: org.gradle.launcher.daemon.bootstrap.GradleDaemon 4.10.1
java_class_path (initial): C:\Users\LeeJH\.gradle\wrapper\dists\gradle-4.10.1-all\455itskqi2qtf0v2sja68alqd\gradle-4.10.1\lib\gradle-launcher-4.10.1.jar
Launcher Type: SUN_STANDARD

Environment Variables:
JAVA_HOME=C:\Program Files\Java\jdk-11.0.2
CLASSPATH=C:\Program Files\Java\jdk-11.0.2lib
PATH=C:\Program Files (x86)\Intel\Intel(R) Management Engine Components\iCLS\;C:\Program Files\Intel\Intel(R) Management Engine Components\iCLS\;C:\Windows\system32;C:\Windows;C:\Windows\System32\Wbem;C:\Windows\System32\WindowsPowerShell\v1.0\;C:\Program Files (x86)\NVIDIA Corporation\PhysX\Common;C:\Program Files (x86)\Intel\Intel(R) Management Engine Components\DAL;C:\Program Files\Intel\Intel(R) Management Engine Components\DAL;C:\WINDOWS\system32;C:\WINDOWS;C:\WINDOWS\System32\Wbem;C:\WINDOWS\System32\WindowsPowerShell\v1.0\;C:\Program Files\Java\jdk-11.0.2\bin;C:\Program Files\Git\cmd;C:\WINDOWS\System32\OpenSSH\;C:\Users\LeeJH\AppData\Local\Microsoft\WindowsApps;C:\Program Files\Java\jdk-11.0.2bin;C:\Users\LeeJH\AppData\Local\atom\bin;%USERPROFILE%\AppData\Local\Microsoft\WindowsApps;
USERNAME=LeeJH
OS=Windows_NT
PROCESSOR_IDENTIFIER=Intel64 Family 6 Model 158 Stepping 10, GenuineIntel



---------------  S Y S T E M  ---------------

OS: Windows 10.0 , 64 bit Build 17763 (10.0.17763.379)

CPU:total 12 (initial active 12) (6 cores per cpu, 2 threads per core) family 6 model 158 stepping 10, cmov, cx8, fxsr, mmx, sse, sse2, sse3, ssse3, sse4.1, sse4.2, popcnt, avx, avx2, aes, clmul, erms, rtm, 3dnowpref, lzcnt, ht, tsc, tscinvbit, bmi1, bmi2, adx

Memory: 4k page, physical 16714084k(4201832k free), swap 45940064k(0k free)

vm_info: OpenJDK 64-Bit Server VM (25.152-b01) for windows-amd64 JRE (1.8.0_152-release-1248-b01), built by "builder" with MS VC++ 10.0 (VS2010)

time: Tue Mar 26 20:15:03 2019
elapsed time: 3 seconds (0d 0h 0m 3s)

