#
# There is insufficient memory for the Java Runtime Environment to continue.
# Native memory allocation (malloc) failed to allocate 1982192 bytes for Chunk::new
# Possible reasons:
#   The system is out of physical RAM or swap space
#   In 32 bit mode, the process size limit was hit
# Possible solutions:
#   Reduce memory load on the system
#   Increase physical memory or swap space
#   Check if swap backing store is full
#   Use 64 bit Java on a 64 bit OS
#   Decrease Java heap size (-Xmx/-Xms)
#   Decrease number of Java threads
#   Decrease Java thread stack sizes (-Xss)
#   Set larger code cache with -XX:ReservedCodeCacheSize=
# This output file may be truncated or incomplete.
#
#  Out of Memory Error (allocation.cpp:390), pid=20724, tid=0x0000000000003148
#
# JRE version: OpenJDK Runtime Environment (8.0_152-b01) (build 1.8.0_152-release-1248-b01)
# Java VM: OpenJDK 64-Bit Server VM (25.152-b01 mixed mode windows-amd64 compressed oops)
# Failed to write core dump. Minidumps are not enabled by default on client versions of Windows
#

---------------  T H R E A D  ---------------

Current thread (0x0000000018597000):  JavaThread "C2 CompilerThread1" daemon [_thread_in_native, id=12616, stack(0x0000000019ba0000,0x0000000019ca0000)]

Stack: [0x0000000019ba0000,0x0000000019ca0000]
[error occurred during error reporting (printing stack bounds), id 0xc0000005]

Native frames: (J=compiled Java code, j=interpreted, Vv=VM code, C=native code)


Current CompileTask:
C2:   3313 1335       4       java.net.URLClassLoader$1::run (5 bytes)


---------------  P R O C E S S  ---------------

Java Threads: ( => current thread )
  0x000000001e0cc800 JavaThread "Cache worker for journal cache (C:\Users\LeeJH\.gradle\caches\journal-1)" [_thread_blocked, id=2684, stack(0x000000001ec50000,0x000000001ed50000)]
  0x000000001b43b800 JavaThread "Cache worker for file hash cache (C:\MyApps\NaverAPI-master\MyMovie1\.gradle\4.10.1\fileHashes)" [_thread_blocked, id=21744, stack(0x000000001db80000,0x000000001dc80000)]
  0x000000001c97f800 JavaThread "File lock request listener" [_thread_in_native, id=14572, stack(0x000000001d920000,0x000000001da20000)]
  0x000000001b43a000 JavaThread "Cache worker for file hash cache (C:\Users\LeeJH\.gradle\caches\4.10.1\fileHashes)" [_thread_blocked, id=21892, stack(0x000000001d820000,0x000000001d920000)]
  0x000000001b2e7800 JavaThread "Stdin handler" [_thread_blocked, id=15272, stack(0x000000001c550000,0x000000001c650000)]
  0x000000001b2e6800 JavaThread "Asynchronous log dispatcher for DefaultDaemonConnection: socket connection from /127.0.0.1:64386 to /127.0.0.1:64387" [_thread_blocked, id=5028, stack(0x000000001c450000,0x000000001c550000)]
  0x000000001b0b4000 JavaThread "Daemon worker" [_thread_in_Java, id=7000, stack(0x000000001c250000,0x000000001c350000)]
  0x000000001b40a800 JavaThread "Cancel handler" [_thread_blocked, id=22480, stack(0x000000001c150000,0x000000001c250000)]
  0x000000001b2cd800 JavaThread "Handler for socket connection from /127.0.0.1:64386 to /127.0.0.1:64387" [_thread_in_native, id=5828, stack(0x000000001be50000,0x000000001bf50000)]
  0x000000001b02a000 JavaThread "Daemon" [_thread_blocked, id=21388, stack(0x000000001bd50000,0x000000001be50000)]
  0x000000001b014800 JavaThread "Daemon periodic checks" [_thread_blocked, id=11904, stack(0x000000001bc50000,0x000000001bd50000)]
  0x000000001b117000 JavaThread "Incoming local TCP Connector on port 64386" [_thread_in_native, id=11340, stack(0x000000001ba70000,0x000000001bb70000)]
  0x000000001861f000 JavaThread "Service Thread" daemon [_thread_blocked, id=12612, stack(0x0000000019ea0000,0x0000000019fa0000)]
  0x000000001859d000 JavaThread "C1 CompilerThread3" daemon [_thread_blocked, id=15108, stack(0x0000000019da0000,0x0000000019ea0000)]
  0x000000001859c800 JavaThread "C2 CompilerThread2" daemon [_thread_blocked, id=2804, stack(0x0000000019ca0000,0x0000000019da0000)]
=>0x0000000018597000 JavaThread "C2 CompilerThread1" daemon [_thread_in_native, id=12616, stack(0x0000000019ba0000,0x0000000019ca0000)]
  0x0000000018539800 JavaThread "C2 CompilerThread0" daemon [_thread_in_native, id=17300, stack(0x0000000019aa0000,0x0000000019ba0000)]
  0x0000000018592800 JavaThread "Attach Listener" daemon [_thread_blocked, id=8364, stack(0x00000000199a0000,0x0000000019aa0000)]
  0x0000000018591000 JavaThread "Signal Dispatcher" daemon [_thread_blocked, id=15520, stack(0x00000000198a0000,0x00000000199a0000)]
  0x0000000018523000 JavaThread "Finalizer" daemon [_thread_blocked, id=3436, stack(0x00000000197a0000,0x00000000198a0000)]
  0x0000000016e3c000 JavaThread "Reference Handler" daemon [_thread_blocked, id=15136, stack(0x00000000196a0000,0x00000000197a0000)]
  0x0000000002c7e000 JavaThread "main" [_thread_blocked, id=9560, stack(0x0000000002c80000,0x0000000002d80000)]

Other Threads:
  0x0000000016e35800 VMThread [stack: 0x00000000195a0000,0x00000000196a0000] [id=11752]
  0x0000000018620000 WatcherThread [stack: 0x0000000019fa0000,0x000000001a0a0000] [id=11512]

VM state:not at safepoint (normal execution)

VM Mutex/Monitor currently owned by a thread: None

Heap:
 PSYoungGen      total 76288K, used 26182K [0x00000000e0000000, 0x00000000e5500000, 0x0000000100000000)
  eden space 65536K, 23% used [0x00000000e0000000,0x00000000e0f157f8,0x00000000e4000000)
  from space 10752K, 99% used [0x00000000e4a80000,0x00000000e54fc2f0,0x00000000e5500000)
  to   space 10752K, 0% used [0x00000000e4000000,0x00000000e4000000,0x00000000e4a80000)
 ParOldGen       total 175104K, used 250K [0x00000000a0000000, 0x00000000aab00000, 0x00000000e0000000)
  object space 175104K, 0% used [0x00000000a0000000,0x00000000a003e858,0x00000000aab00000)
 Metaspace       used 17361K, capacity 17814K, committed 18048K, reserved 1064960K
  class space    used 2506K, capacity 2683K, committed 2688K, reserved 1048576K

Card table byte_map: [0x0000000012240000,0x0000000012550000] byte_map_base: 0x0000000011d40000

Marking Bits: (ParMarkBitMap*) 0x0000000076935aa0
 Begin Bits: [0x0000000013150000, 0x0000000014950000)
 End Bits:   [0x0000000014950000, 0x0000000016150000)

Polling page: 0x00000000007c0000

CodeCache: size=245760Kb used=5405Kb max_used=5418Kb free=240354Kb
 bounds [0x0000000002e80000, 0x00000000033d0000, 0x0000000011e80000]
 total_blobs=1934 nmethods=1545 adapters=302
 compilation: enabled

Compilation events (10 events):
Event: 3.285 Thread 0x000000001859d000 nmethod 1542 0x00000000033c4690 code [0x00000000033c47e0, 0x00000000033c4910]
Event: 3.286 Thread 0x000000001859d000 1543       3       sun.reflect.ReflectionFactory::inflationThreshold (4 bytes)
Event: 3.286 Thread 0x000000001859d000 nmethod 1543 0x00000000033c4990 code [0x00000000033c4ae0, 0x00000000033c4c10]
Event: 3.286 Thread 0x000000001859d000 1544       3       java.util.concurrent.locks.AbstractOwnableSynchronizer::setExclusiveOwnerThread (6 bytes)
Event: 3.286 Thread 0x000000001859d000 nmethod 1544 0x00000000033c4c90 code [0x00000000033c4de0, 0x00000000033c4f50]
Event: 3.286 Thread 0x000000001859d000 1545       3       java.io.ByteArrayOutputStream::grow (43 bytes)
Event: 3.287 Thread 0x000000001859d000 nmethod 1545 0x00000000033c4fd0 code [0x00000000033c5180, 0x00000000033c5778]
Event: 3.304 Thread 0x000000001859c800 nmethod 1541 0x00000000033ca5d0 code [0x00000000033ca7c0, 0x00000000033cc790]
Event: 3.307 Thread 0x000000001859d000 1546       3       org.gradle.internal.service.DefaultServiceRegistry::access$1300 (4 bytes)
Event: 3.307 Thread 0x000000001859d000 nmethod 1546 0x00000000033ca2d0 code [0x00000000033ca420, 0x00000000033ca550]

GC Heap History (4 events):
Event: 0.688 GC heap before
{Heap before GC invocations=1 (full 0):
 PSYoungGen      total 76288K, used 65536K [0x00000000e0000000, 0x00000000e5500000, 0x0000000100000000)
  eden space 65536K, 100% used [0x00000000e0000000,0x00000000e4000000,0x00000000e4000000)
  from space 10752K, 0% used [0x00000000e4a80000,0x00000000e4a80000,0x00000000e5500000)
  to   space 10752K, 0% used [0x00000000e4000000,0x00000000e4000000,0x00000000e4a80000)
 ParOldGen       total 175104K, used 0K [0x00000000a0000000, 0x00000000aab00000, 0x00000000e0000000)
  object space 175104K, 0% used [0x00000000a0000000,0x00000000a0000000,0x00000000aab00000)
 Metaspace       used 9126K, capacity 9416K, committed 9600K, reserved 1056768K
  class space    used 1211K, capacity 1328K, committed 1408K, reserved 1048576K
Event: 0.693 GC heap after
Heap after GC invocations=1 (full 0):
 PSYoungGen      total 76288K, used 7556K [0x00000000e0000000, 0x00000000e5500000, 0x0000000100000000)
  eden space 65536K, 0% used [0x00000000e0000000,0x00000000e0000000,0x00000000e4000000)
  from space 10752K, 70% used [0x00000000e4000000,0x00000000e4761168,0x00000000e4a80000)
  to   space 10752K, 0% used [0x00000000e4a80000,0x00000000e4a80000,0x00000000e5500000)
 ParOldGen       total 175104K, used 16K [0x00000000a0000000, 0x00000000aab00000, 0x00000000e0000000)
  object space 175104K, 0% used [0x00000000a0000000,0x00000000a0004000,0x00000000aab00000)
 Metaspace       used 9126K, capacity 9416K, committed 9600K, reserved 1056768K
  class space    used 1211K, capacity 1328K, committed 1408K, reserved 1048576K
}
Event: 3.121 GC heap before
{Heap before GC invocations=2 (full 0):
 PSYoungGen      total 76288K, used 73092K [0x00000000e0000000, 0x00000000e5500000, 0x0000000100000000)
  eden space 65536K, 100% used [0x00000000e0000000,0x00000000e4000000,0x00000000e4000000)
  from space 10752K, 70% used [0x00000000e4000000,0x00000000e4761168,0x00000000e4a80000)
  to   space 10752K, 0% used [0x00000000e4a80000,0x00000000e4a80000,0x00000000e5500000)
 ParOldGen       total 175104K, used 16K [0x00000000a0000000, 0x00000000aab00000, 0x00000000e0000000)
  object space 175104K, 0% used [0x00000000a0000000,0x00000000a0004000,0x00000000aab00000)
 Metaspace       used 16154K, capacity 16630K, committed 16896K, reserved 1062912K
  class space    used 2299K, capacity 2459K, committed 2560K, reserved 1048576K
Event: 3.130 GC heap after
Heap after GC invocations=2 (full 0):
 PSYoungGen      total 76288K, used 10736K [0x00000000e0000000, 0x00000000e5500000, 0x0000000100000000)
  eden space 65536K, 0% used [0x00000000e0000000,0x00000000e0000000,0x00000000e4000000)
  from space 10752K, 99% used [0x00000000e4a80000,0x00000000e54fc2f0,0x00000000e5500000)
  to   space 10752K, 0% used [0x00000000e4000000,0x00000000e4000000,0x00000000e4a80000)
 ParOldGen       total 175104K, used 250K [0x00000000a0000000, 0x00000000aab00000, 0x00000000e0000000)
  object space 175104K, 0% used [0x00000000a0000000,0x00000000a003e858,0x00000000aab00000)
 Metaspace       used 16154K, capacity 16630K, committed 16896K, reserved 1062912K
  class space    used 2299K, capacity 2459K, committed 2560K, reserved 1048576K
}

Deoptimization events (10 events):
Event: 2.749 Thread 0x000000001b0b4000 Uncommon trap: reason=bimorphic action=maybe_recompile pc=0x00000000031042e0 method=java.util.HashMap.putVal(ILjava/lang/Object;Ljava/lang/Object;ZZ)Ljava/lang/Object; @ 253
Event: 2.750 Thread 0x000000001b0b4000 Uncommon trap: reason=bimorphic action=maybe_recompile pc=0x00000000031042e0 method=java.util.HashMap.putVal(ILjava/lang/Object;Ljava/lang/Object;ZZ)Ljava/lang/Object; @ 253
Event: 2.750 Thread 0x000000001b0b4000 Uncommon trap: reason=bimorphic action=maybe_recompile pc=0x00000000031042e0 method=java.util.HashMap.putVal(ILjava/lang/Object;Ljava/lang/Object;ZZ)Ljava/lang/Object; @ 253
Event: 2.933 Thread 0x000000001b0b4000 Uncommon trap: reason=class_check action=maybe_recompile pc=0x0000000003128184 method=java.util.regex.Matcher.match(II)Z @ 86
Event: 2.942 Thread 0x000000001b0b4000 Uncommon trap: reason=class_check action=maybe_recompile pc=0x0000000003128184 method=java.util.regex.Matcher.match(II)Z @ 86
Event: 2.943 Thread 0x000000001b0b4000 Uncommon trap: reason=class_check action=maybe_recompile pc=0x0000000003128184 method=java.util.regex.Matcher.match(II)Z @ 86
Event: 2.943 Thread 0x000000001b0b4000 Uncommon trap: reason=class_check action=maybe_recompile pc=0x0000000003102c9c method=java.util.regex.Matcher.match(II)Z @ 86
Event: 3.001 Thread 0x000000001b0b4000 Uncommon trap: reason=unstable_if action=reinterpret pc=0x00000000032bffb4 method=java.lang.String.lastIndexOf([CII[CIII)I @ 66
Event: 3.219 Thread 0x000000001b0b4000 Uncommon trap: reason=unstable_if action=reinterpret pc=0x0000000002fdddc8 method=java.net.URI.match(CJJ)Z @ 19
Event: 3.219 Thread 0x000000001b0b4000 Uncommon trap: reason=unstable_if action=reinterpret pc=0x00000000030cca80 method=java.net.URI.match(CJJ)Z @ 19

Classes redefined (0 events):
No events

Internal exceptions (10 events):
Event: 2.718 Thread 0x000000001b2cd800 Exception <a 'java/lang/NoSuchMethodError': <clinit>> (0x00000000e0b0a9f0) thrown at [D:\src\AOSP-openjdk-cygwin\jdk8u\hotspot\src\share\vm\prims\jni.cpp, line 1613]
Event: 2.718 Thread 0x000000001b2cd800 Exception <a 'java/lang/NoSuchMethodError': <clinit>> (0x00000000e0b13fd0) thrown at [D:\src\AOSP-openjdk-cygwin\jdk8u\hotspot\src\share\vm\prims\jni.cpp, line 1613]
Event: 2.720 Thread 0x000000001b2cd800 Exception <a 'java/lang/NoSuchMethodError': <clinit>> (0x00000000e0b3ae98) thrown at [D:\src\AOSP-openjdk-cygwin\jdk8u\hotspot\src\share\vm\prims\jni.cpp, line 1613]
Event: 2.721 Thread 0x000000001b2cd800 Exception <a 'java/lang/NoSuchMethodError': <clinit>> (0x00000000e0b52c98) thrown at [D:\src\AOSP-openjdk-cygwin\jdk8u\hotspot\src\share\vm\prims\jni.cpp, line 1613]
Event: 2.721 Thread 0x000000001b2cd800 Exception <a 'java/lang/NoSuchMethodError': <clinit>> (0x00000000e0b5b760) thrown at [D:\src\AOSP-openjdk-cygwin\jdk8u\hotspot\src\share\vm\prims\jni.cpp, line 1613]
Event: 2.722 Thread 0x000000001b2cd800 Exception <a 'java/lang/NoSuchMethodError': <clinit>> (0x00000000e0b71688) thrown at [D:\src\AOSP-openjdk-cygwin\jdk8u\hotspot\src\share\vm\prims\jni.cpp, line 1613]
Event: 2.727 Thread 0x000000001b2cd800 Exception <a 'java/lang/NoSuchMethodError': <clinit>> (0x00000000e0bcf4a0) thrown at [D:\src\AOSP-openjdk-cygwin\jdk8u\hotspot\src\share\vm\prims\jni.cpp, line 1613]
Event: 2.729 Thread 0x000000001b2cd800 Exception <a 'java/lang/NoSuchMethodError': <clinit>> (0x00000000e0bfb120) thrown at [D:\src\AOSP-openjdk-cygwin\jdk8u\hotspot\src\share\vm\prims\jni.cpp, line 1613]
Event: 2.732 Thread 0x000000001b2cd800 Exception <a 'java/lang/NoSuchMethodError': <clinit>> (0x00000000e0c29f00) thrown at [D:\src\AOSP-openjdk-cygwin\jdk8u\hotspot\src\share\vm\prims\jni.cpp, line 1613]
Event: 2.733 Thread 0x000000001b2cd800 Exception <a 'java/lang/NoSuchMethodError': <clinit>> (0x00000000e0c352a0) thrown at [D:\src\AOSP-openjdk-cygwin\jdk8u\hotspot\src\share\vm\prims\jni.cpp, line 1613]

Events (10 events):
Event: 3.307 loading class org/gradle/deployment/internal/DefaultDeploymentRegistry$PendingChanges
Event: 3.307 loading class org/gradle/deployment/internal/DefaultDeploymentRegistry$PendingChanges done
Event: 3.307 loading class org/gradle/initialization/DefaultGradleLauncherFactory$2
Event: 3.307 loading class org/gradle/initialization/DefaultGradleLauncherFactory$2 done
Event: 3.307 loading class org/gradle/launcher/exec/InProcessBuildActionExecuter$1
Event: 3.307 loading class org/gradle/launcher/exec/InProcessBuildActionExecuter$1 done
Event: 3.307 loading class org/gradle/internal/invocation/GradleBuildController
Event: 3.307 loading class org/gradle/internal/invocation/GradleBuildController done
Event: 3.308 loading class org/gradle/internal/invocation/BuildController
Event: 3.308 loading class org/gradle/internal/invocation/BuildController done


Dynamic libraries:
0x00007ff657810000 - 0x00007ff657841000 	C:\Program Files\Android\Android Studio\jre\bin\java.exe
0x00007ffa90b80000 - 0x00007ffa90d6d000 	C:\WINDOWS\SYSTEM32\ntdll.dll
0x00007ffa90530000 - 0x00007ffa905e3000 	C:\WINDOWS\System32\KERNEL32.DLL
0x00007ffa8d570000 - 0x00007ffa8d803000 	C:\WINDOWS\System32\KERNELBASE.dll
0x00007ffa90130000 - 0x00007ffa901d3000 	C:\WINDOWS\System32\ADVAPI32.dll
0x00007ffa8dee0000 - 0x00007ffa8df7e000 	C:\WINDOWS\System32\msvcrt.dll
0x00007ffa8de40000 - 0x00007ffa8dede000 	C:\WINDOWS\System32\sechost.dll
0x00007ffa8e8c0000 - 0x00007ffa8e9e2000 	C:\WINDOWS\System32\RPCRT4.dll
0x00007ffa8e1f0000 - 0x00007ffa8e387000 	C:\WINDOWS\System32\USER32.dll
0x00007ffa8cd30000 - 0x00007ffa8cd50000 	C:\WINDOWS\System32\win32u.dll
0x00007ffa8e9f0000 - 0x00007ffa8ea19000 	C:\WINDOWS\System32\GDI32.dll
0x00007ffa8d810000 - 0x00007ffa8d9aa000 	C:\WINDOWS\System32\gdi32full.dll
0x00007ffa8cd80000 - 0x00007ffa8ce20000 	C:\WINDOWS\System32\msvcp_win.dll
0x00007ffa8db90000 - 0x00007ffa8dc8a000 	C:\WINDOWS\System32\ucrtbase.dll
0x00007ffa7fe80000 - 0x00007ffa800f9000 	C:\WINDOWS\WinSxS\amd64_microsoft.windows.common-controls_6595b64144ccf1df_6.0.17763.379_none_05b83be8071c94a1\COMCTL32.dll
0x00007ffa901f0000 - 0x00007ffa9051d000 	C:\WINDOWS\System32\combase.dll
0x00007ffa8cc50000 - 0x00007ffa8ccce000 	C:\WINDOWS\System32\bcryptPrimitives.dll
0x00007ffa8de10000 - 0x00007ffa8de3e000 	C:\WINDOWS\System32\IMM32.DLL
0x0000000077d50000 - 0x0000000077e22000 	C:\Program Files\Android\Android Studio\jre\jre\bin\msvcr100.dll
0x0000000076170000 - 0x00000000769b1000 	C:\Program Files\Android\Android Studio\jre\jre\bin\server\jvm.dll
0x00007ffa905f0000 - 0x00007ffa905f8000 	C:\WINDOWS\System32\PSAPI.DLL
0x00007ffa7f7e0000 - 0x00007ffa7f804000 	C:\WINDOWS\SYSTEM32\WINMM.dll
0x00007ffa87e00000 - 0x00007ffa87e0a000 	C:\WINDOWS\SYSTEM32\VERSION.dll
0x00007ffa87250000 - 0x00007ffa87259000 	C:\WINDOWS\SYSTEM32\WSOCK32.dll
0x00007ffa8ea20000 - 0x00007ffa8ea8d000 	C:\WINDOWS\System32\WS2_32.dll
0x00007ffa83d20000 - 0x00007ffa83d4d000 	C:\WINDOWS\SYSTEM32\WINMMBASE.dll
0x00007ffa8dc90000 - 0x00007ffa8dcda000 	C:\WINDOWS\System32\cfgmgr32.dll
0x00007ffa82860000 - 0x00007ffa8286f000 	C:\Program Files\Android\Android Studio\jre\jre\bin\verify.dll
0x00007ffa7ae00000 - 0x00007ffa7ae29000 	C:\Program Files\Android\Android Studio\jre\jre\bin\java.dll
0x00007ffa82820000 - 0x00007ffa82836000 	C:\Program Files\Android\Android Studio\jre\jre\bin\zip.dll
0x00007ffa8ec40000 - 0x00007ffa90130000 	C:\WINDOWS\System32\SHELL32.dll
0x00007ffa8dfe0000 - 0x00007ffa8e088000 	C:\WINDOWS\System32\shcore.dll
0x00007ffa8ce20000 - 0x00007ffa8d56a000 	C:\WINDOWS\System32\windows.storage.dll
0x00007ffa8cc00000 - 0x00007ffa8cc24000 	C:\WINDOWS\System32\profapi.dll
0x00007ffa8cba0000 - 0x00007ffa8cbfd000 	C:\WINDOWS\System32\powrprof.dll
0x00007ffa8ddb0000 - 0x00007ffa8de02000 	C:\WINDOWS\System32\shlwapi.dll
0x00007ffa8cb80000 - 0x00007ffa8cb91000 	C:\WINDOWS\System32\kernel.appcore.dll
0x00007ffa8dd90000 - 0x00007ffa8dda7000 	C:\WINDOWS\System32\cryptsp.dll
0x00007ffa82780000 - 0x00007ffa8279a000 	C:\Program Files\Android\Android Studio\jre\jre\bin\net.dll
0x00007ffa8c400000 - 0x00007ffa8c467000 	C:\WINDOWS\system32\mswsock.dll
0x00007ffa7d630000 - 0x00007ffa7d641000 	C:\Program Files\Android\Android Studio\jre\jre\bin\nio.dll
0x00007ffa7ad80000 - 0x00007ffa7ad9e000 	C:\Users\LeeJH\.gradle\native\25\windows-amd64\native-platform.dll
0x00007ffa7ca80000 - 0x00007ffa7ca8d000 	C:\Program Files\Android\Android Studio\jre\jre\bin\management.dll
0x00007ffa8bf60000 - 0x00007ffa8bf93000 	C:\WINDOWS\system32\rsaenh.dll
0x00007ffa8cd50000 - 0x00007ffa8cd76000 	C:\WINDOWS\System32\bcrypt.dll
0x00007ffa8ca80000 - 0x00007ffa8caa8000 	C:\WINDOWS\SYSTEM32\USERENV.dll
0x00007ffa8c5d0000 - 0x00007ffa8c5dc000 	C:\WINDOWS\SYSTEM32\CRYPTBASE.dll
0x00007ffa8c160000 - 0x00007ffa8c19d000 	C:\WINDOWS\SYSTEM32\IPHLPAPI.DLL
0x00007ffa901e0000 - 0x00007ffa901e8000 	C:\WINDOWS\System32\NSI.dll
0x00007ffa87d40000 - 0x00007ffa87d56000 	C:\WINDOWS\SYSTEM32\dhcpcsvc6.DLL
0x00007ffa87f80000 - 0x00007ffa87f9c000 	C:\WINDOWS\SYSTEM32\dhcpcsvc.DLL
0x00007ffa8c1a0000 - 0x00007ffa8c266000 	C:\WINDOWS\SYSTEM32\DNSAPI.dll

VM Arguments:
jvm_args: -Xmx1536m -Dfile.encoding=x-windows-949 -Duser.country=KR -Duser.language=ko -Duser.variant 
java_command: org.gradle.launcher.daemon.bootstrap.GradleDaemon 4.10.1
java_class_path (initial): C:\Users\LeeJH\.gradle\wrapper\dists\gradle-4.10.1-all\455itskqi2qtf0v2sja68alqd\gradle-4.10.1\lib\gradle-launcher-4.10.1.jar
Launcher Type: SUN_STANDARD

Environment Variables:
JAVA_HOME=C:\Program Files\Java\jdk-11.0.2
CLASSPATH=C:\Program Files\Java\jdk-11.0.2lib
PATH=C:\Program Files (x86)\Intel\Intel(R) Management Engine Components\iCLS\;C:\Program Files\Intel\Intel(R) Management Engine Components\iCLS\;C:\Windows\system32;C:\Windows;C:\Windows\System32\Wbem;C:\Windows\System32\WindowsPowerShell\v1.0\;C:\Program Files (x86)\NVIDIA Corporation\PhysX\Common;C:\Program Files (x86)\Intel\Intel(R) Management Engine Components\DAL;C:\Program Files\Intel\Intel(R) Management Engine Components\DAL;C:\WINDOWS\system32;C:\WINDOWS;C:\WINDOWS\System32\Wbem;C:\WINDOWS\System32\WindowsPowerShell\v1.0\;C:\Program Files\Java\jdk-11.0.2\bin;C:\Program Files\Git\cmd;C:\WINDOWS\System32\OpenSSH\;C:\Users\LeeJH\AppData\Local\Microsoft\WindowsApps;C:\Program Files\Java\jdk-11.0.2bin;C:\Users\LeeJH\AppData\Local\atom\bin;%USERPROFILE%\AppData\Local\Microsoft\WindowsApps;
USERNAME=LeeJH
OS=Windows_NT
PROCESSOR_IDENTIFIER=Intel64 Family 6 Model 158 Stepping 10, GenuineIntel



---------------  S Y S T E M  ---------------

OS: Windows 10.0 , 64 bit Build 17763 (10.0.17763.379)

CPU:total 12 (initial active 12) (6 cores per cpu, 2 threads per core) family 6 model 158 stepping 10, cmov, cx8, fxsr, mmx, sse, sse2, sse3, ssse3, sse4.1, sse4.2, popcnt, avx, avx2, aes, clmul, erms, rtm, 3dnowpref, lzcnt, ht, tsc, tscinvbit, bmi1, bmi2, adx

Memory: 4k page, physical 16714084k(6281328k free), swap 45940064k(4728k free)

vm_info: OpenJDK 64-Bit Server VM (25.152-b01) for windows-amd64 JRE (1.8.0_152-release-1248-b01), built by "builder" with MS VC++ 10.0 (VS2010)

time: Wed Mar 27 00:14:33 2019
elapsed time: 3 seconds (0d 0h 0m 3s)

